<?xml version="1.0" encoding="UTF-8"?>
<testsuite name="com.hadoyaji.book.springboot.web.indexControllerTest" tests="1" skipped="0" failures="0" errors="0" timestamp="2021-06-02T08:09:29" hostname="DESKTOP-HN3UIKG" time="0.661">
  <properties/>
  <testcase name="메인페이지_로딩" classname="com.hadoyaji.book.springboot.web.indexControllerTest" time="0.661"/>
  <system-out><![CDATA[2021-06-02 17:09:21.048  INFO 186056 --- [    Test worker] .b.t.c.SpringBootTestContextBootstrapper : Neither @ContextConfiguration nor @ContextHierarchy found for test class [com.hadoyaji.book.springboot.web.indexControllerTest], using SpringBootContextLoader
2021-06-02 17:09:21.051  INFO 186056 --- [    Test worker] o.s.t.c.support.AbstractContextLoader    : Could not detect default resource locations for test class [com.hadoyaji.book.springboot.web.indexControllerTest]: no resource found for suffixes {-context.xml, Context.groovy}.
2021-06-02 17:09:21.051  INFO 186056 --- [    Test worker] t.c.s.AnnotationConfigContextLoaderUtils : Could not detect default configuration classes for test class [com.hadoyaji.book.springboot.web.indexControllerTest]: indexControllerTest does not declare any static, non-private, non-final, nested classes annotated with @Configuration.
2021-06-02 17:09:21.055  INFO 186056 --- [    Test worker] .b.t.c.SpringBootTestContextBootstrapper : Found @SpringBootConfiguration com.hadoyaji.book.springboot.Application for test class com.hadoyaji.book.springboot.web.indexControllerTest
2021-06-02 17:09:21.058  INFO 186056 --- [    Test worker] .b.t.c.SpringBootTestContextBootstrapper : Loaded default TestExecutionListener class names from location [META-INF/spring.factories]: [org.springframework.security.test.context.support.WithSecurityContextTestExecutionListener, org.springframework.security.test.context.support.ReactorContextTestExecutionListener, org.springframework.boot.test.autoconfigure.restdocs.RestDocsTestExecutionListener, org.springframework.boot.test.autoconfigure.web.client.MockRestServiceServerResetTestExecutionListener, org.springframework.boot.test.autoconfigure.web.servlet.MockMvcPrintOnlyOnFailureTestExecutionListener, org.springframework.boot.test.autoconfigure.web.servlet.WebDriverTestExecutionListener, org.springframework.boot.test.mock.mockito.MockitoTestExecutionListener, org.springframework.boot.test.mock.mockito.ResetMocksTestExecutionListener, org.springframework.test.context.web.ServletTestExecutionListener, org.springframework.test.context.support.DirtiesContextBeforeModesTestExecutionListener, org.springframework.test.context.support.DependencyInjectionTestExecutionListener, org.springframework.test.context.support.DirtiesContextTestExecutionListener, org.springframework.test.context.transaction.TransactionalTestExecutionListener, org.springframework.test.context.jdbc.SqlScriptsTestExecutionListener]
2021-06-02 17:09:21.060  INFO 186056 --- [    Test worker] .b.t.c.SpringBootTestContextBootstrapper : Using TestExecutionListeners: [org.springframework.test.context.web.ServletTestExecutionListener@1b0606a, org.springframework.test.context.support.DirtiesContextBeforeModesTestExecutionListener@1e9564f, org.springframework.boot.test.mock.mockito.MockitoTestExecutionListener@167262d, org.springframework.boot.test.autoconfigure.SpringBootDependencyInjectionTestExecutionListener@e26b55, org.springframework.test.context.support.DirtiesContextTestExecutionListener@73f293, org.springframework.test.context.transaction.TransactionalTestExecutionListener@189993c, org.springframework.test.context.jdbc.SqlScriptsTestExecutionListener@1198bae, org.springframework.security.test.context.support.WithSecurityContextTestExecutionListener@66e21b, org.springframework.security.test.context.support.ReactorContextTestExecutionListener@1e8652e, org.springframework.boot.test.autoconfigure.restdocs.RestDocsTestExecutionListener@b35b96, org.springframework.boot.test.autoconfigure.web.client.MockRestServiceServerResetTestExecutionListener@1aae055, org.springframework.boot.test.autoconfigure.web.servlet.MockMvcPrintOnlyOnFailureTestExecutionListener@bda341, org.springframework.boot.test.autoconfigure.web.servlet.WebDriverTestExecutionListener@746d, org.springframework.boot.test.mock.mockito.ResetMocksTestExecutionListener@d1fc90]

  .   ____          _            __ _ _
 /\\ / ___'_ __ _ _(_)_ __  __ _ \ \ \ \
( ( )\___ | '_ | '_| | '_ \/ _` | \ \ \ \
 \\/  ___)| |_)| | | | | || (_| |  ) ) ) )
  '  |____| .__|_| |_|_| |_\__, | / / / /
 =========|_|==============|___/=/_/_/_/
 :: Spring Boot ::        (v2.1.7.RELEASE)

2021-06-02 17:09:21.262  INFO 186056 --- [    Test worker] c.h.b.s.web.indexControllerTest          : Starting indexControllerTest on DESKTOP-HN3UIKG with PID 186056 (started by hagyu in C:\workspaceSpring\freelec-springboot2-webservice)
2021-06-02 17:09:21.263  INFO 186056 --- [    Test worker] c.h.b.s.web.indexControllerTest          : The following profiles are active: oauth
2021-06-02 17:09:22.093  INFO 186056 --- [    Test worker] .s.d.r.c.RepositoryConfigurationDelegate : Bootstrapping Spring Data repositories in DEFAULT mode.
2021-06-02 17:09:22.202  INFO 186056 --- [    Test worker] .s.d.r.c.RepositoryConfigurationDelegate : Finished Spring Data repository scanning in 109ms. Found 2 repository interfaces.
2021-06-02 17:09:22.583  INFO 186056 --- [    Test worker] trationDelegate$BeanPostProcessorChecker : Bean 'org.springframework.transaction.annotation.ProxyTransactionManagementConfiguration' of type [org.springframework.transaction.annotation.ProxyTransactionManagementConfiguration$$EnhancerBySpringCGLIB$$de4f3e51] is not eligible for getting processed by all BeanPostProcessors (for example: not eligible for auto-proxying)
2021-06-02 17:09:23.608  INFO 186056 --- [    Test worker] o.s.b.w.embedded.tomcat.TomcatWebServer  : Tomcat initialized with port(s): 0 (http)
2021-06-02 17:09:23.842  INFO 186056 --- [    Test worker] o.apache.catalina.core.StandardService   : Starting service [Tomcat]
2021-06-02 17:09:23.843  INFO 186056 --- [    Test worker] org.apache.catalina.core.StandardEngine  : Starting Servlet engine: [Apache Tomcat/9.0.22]
2021-06-02 17:09:24.304  INFO 186056 --- [    Test worker] o.a.c.c.C.[Tomcat].[localhost].[/]       : Initializing Spring embedded WebApplicationContext
2021-06-02 17:09:24.305  INFO 186056 --- [    Test worker] o.s.web.context.ContextLoader            : Root WebApplicationContext: initialization completed in 3032 ms
2021-06-02 17:09:24.987  INFO 186056 --- [    Test worker] com.zaxxer.hikari.HikariDataSource       : HikariPool-2 - Starting...
2021-06-02 17:09:24.989  INFO 186056 --- [    Test worker] com.zaxxer.hikari.HikariDataSource       : HikariPool-2 - Start completed.
2021-06-02 17:09:25.159  INFO 186056 --- [    Test worker] o.hibernate.jpa.internal.util.LogHelper  : HHH000204: Processing PersistenceUnitInfo [
	name: default
	...]
2021-06-02 17:09:25.201  INFO 186056 --- [    Test worker] org.hibernate.dialect.Dialect            : HHH000400: Using dialect: org.hibernate.dialect.MySQL5Dialect
Hibernate: drop table if exists posts
Hibernate: drop table if exists user
Hibernate: create table posts (id bigint not null auto_increment, created_date datetime, modified_date datetime, author varchar(255), content TEXT not null, title varchar(500) not null, primary key (id)) engine=MyISAM
Hibernate: create table user (id bigint not null auto_increment, created_date datetime, modified_date datetime, email varchar(255) not null, name varchar(255) not null, picture varchar(255), role varchar(255) not null, primary key (id)) engine=MyISAM
2021-06-02 17:09:25.430  INFO 186056 --- [    Test worker] o.h.t.schema.internal.SchemaCreatorImpl  : HHH000476: Executing import script 'org.hibernate.tool.schema.internal.exec.ScriptSourceInputNonExistentImpl@1c5b2a3'
2021-06-02 17:09:25.430  INFO 186056 --- [    Test worker] j.LocalContainerEntityManagerFactoryBean : Initialized JPA EntityManagerFactory for persistence unit 'default'
2021-06-02 17:09:26.616  INFO 186056 --- [    Test worker] o.h.h.i.QueryTranslatorFactoryInitiator  : HHH000397: Using ASTQueryTranslatorFactory
2021-06-02 17:09:27.088  INFO 186056 --- [    Test worker] o.s.s.web.DefaultSecurityFilterChain     : Creating filter chain: any request, [org.springframework.security.web.context.request.async.WebAsyncManagerIntegrationFilter@14ef471, org.springframework.security.web.context.SecurityContextPersistenceFilter@88b0fb, org.springframework.security.web.header.HeaderWriterFilter@959f65, org.springframework.security.web.authentication.logout.LogoutFilter@9e84e4, org.springframework.security.oauth2.client.web.OAuth2AuthorizationRequestRedirectFilter@c6e8f6, org.springframework.security.oauth2.client.web.OAuth2LoginAuthenticationFilter@1564b4f, org.springframework.security.web.authentication.ui.DefaultLoginPageGeneratingFilter@158ff9c, org.springframework.security.web.authentication.ui.DefaultLogoutPageGeneratingFilter@1b7624f, org.springframework.security.web.savedrequest.RequestCacheAwareFilter@1ca8b23, org.springframework.security.web.servletapi.SecurityContextHolderAwareRequestFilter@1e45a88, org.springframework.security.web.authentication.AnonymousAuthenticationFilter@2fb397, org.springframework.security.web.session.SessionManagementFilter@f45595, org.springframework.security.web.access.ExceptionTranslationFilter@132d7ee, org.springframework.security.web.access.intercept.FilterSecurityInterceptor@e45136]
2021-06-02 17:09:27.823  INFO 186056 --- [    Test worker] o.s.s.concurrent.ThreadPoolTaskExecutor  : Initializing ExecutorService 'applicationTaskExecutor'
2021-06-02 17:09:27.854  WARN 186056 --- [    Test worker] aWebConfiguration$JpaWebMvcConfiguration : spring.jpa.open-in-view is enabled by default. Therefore, database queries may be performed during view rendering. Explicitly configure spring.jpa.open-in-view to disable this warning
2021-06-02 17:09:27.928  INFO 186056 --- [    Test worker] o.s.b.a.w.s.WelcomePageHandlerMapping    : Adding welcome page template: index
2021-06-02 17:09:29.148  INFO 186056 --- [    Test worker] s.a.ScheduledAnnotationBeanPostProcessor : No TaskScheduler/ScheduledExecutorService bean found for scheduled processing
2021-06-02 17:09:29.211  INFO 186056 --- [    Test worker] o.s.b.w.embedded.tomcat.TomcatWebServer  : Tomcat started on port(s): 53276 (http) with context path ''
2021-06-02 17:09:29.213  INFO 186056 --- [    Test worker] c.h.b.s.web.indexControllerTest          : Started indexControllerTest in 8.149 seconds (JVM running for 40.399)
2021-06-02 17:09:29.519  INFO 186056 --- [o-auto-1-exec-1] o.a.c.c.C.[Tomcat].[localhost].[/]       : Initializing Spring DispatcherServlet 'dispatcherServlet'
2021-06-02 17:09:29.521  INFO 186056 --- [o-auto-1-exec-1] o.s.web.servlet.DispatcherServlet        : Initializing Servlet 'dispatcherServlet'
2021-06-02 17:09:29.625  INFO 186056 --- [o-auto-1-exec-1] o.s.web.servlet.DispatcherServlet        : Completed initialization in 104 ms
Hibernate: select posts0_.id as id1_0_, posts0_.created_date as created_2_0_, posts0_.modified_date as modified3_0_, posts0_.author as author4_0_, posts0_.content as content5_0_, posts0_.title as title6_0_ from posts posts0_ order by posts0_.id DESC
]]></system-out>
  <system-err><![CDATA[]]></system-err>
</testsuite>
