<?xml version="1.0" encoding="UTF-8"?>
<testsuite name="com.hadoyaji.book.springboot.web.HelloControllerTest" tests="2" skipped="0" failures="0" errors="0" timestamp="2021-06-02T08:09:03" hostname="DESKTOP-HN3UIKG" time="1.113">
  <properties/>
  <testcase name="hello_가_리턴된다" classname="com.hadoyaji.book.springboot.web.HelloControllerTest" time="0.82"/>
  <testcase name="helloDto가_리턴된다" classname="com.hadoyaji.book.springboot.web.HelloControllerTest" time="0.292"/>
  <system-out><![CDATA[17:08:53.522 [Test worker] DEBUG org.springframework.test.context.junit4.SpringJUnit4ClassRunner - SpringJUnit4ClassRunner constructor called with [class com.hadoyaji.book.springboot.web.HelloControllerTest]
17:08:53.550 [Test worker] DEBUG org.springframework.test.context.BootstrapUtils - Instantiating CacheAwareContextLoaderDelegate from class [org.springframework.test.context.cache.DefaultCacheAwareContextLoaderDelegate]
17:08:53.586 [Test worker] DEBUG org.springframework.test.context.BootstrapUtils - Instantiating BootstrapContext using constructor [public org.springframework.test.context.support.DefaultBootstrapContext(java.lang.Class,org.springframework.test.context.CacheAwareContextLoaderDelegate)]
17:08:53.668 [Test worker] DEBUG org.springframework.test.context.BootstrapUtils - Instantiating TestContextBootstrapper for test class [com.hadoyaji.book.springboot.web.HelloControllerTest] from class [org.springframework.boot.test.autoconfigure.web.servlet.WebMvcTestContextBootstrapper]
17:08:53.742 [Test worker] INFO org.springframework.boot.test.autoconfigure.web.servlet.WebMvcTestContextBootstrapper - Neither @ContextConfiguration nor @ContextHierarchy found for test class [com.hadoyaji.book.springboot.web.HelloControllerTest], using SpringBootContextLoader
17:08:53.754 [Test worker] DEBUG org.springframework.test.context.support.AbstractContextLoader - Did not detect default resource location for test class [com.hadoyaji.book.springboot.web.HelloControllerTest]: class path resource [com/hadoyaji/book/springboot/web/HelloControllerTest-context.xml] does not exist
17:08:53.755 [Test worker] DEBUG org.springframework.test.context.support.AbstractContextLoader - Did not detect default resource location for test class [com.hadoyaji.book.springboot.web.HelloControllerTest]: class path resource [com/hadoyaji/book/springboot/web/HelloControllerTestContext.groovy] does not exist
17:08:53.757 [Test worker] INFO org.springframework.test.context.support.AbstractContextLoader - Could not detect default resource locations for test class [com.hadoyaji.book.springboot.web.HelloControllerTest]: no resource found for suffixes {-context.xml, Context.groovy}.
17:08:53.759 [Test worker] INFO org.springframework.test.context.support.AnnotationConfigContextLoaderUtils - Could not detect default configuration classes for test class [com.hadoyaji.book.springboot.web.HelloControllerTest]: HelloControllerTest does not declare any static, non-private, non-final, nested classes annotated with @Configuration.
17:08:53.972 [Test worker] DEBUG org.springframework.test.context.support.ActiveProfilesUtils - Could not find an 'annotation declaring class' for annotation type [org.springframework.test.context.ActiveProfiles] and class [com.hadoyaji.book.springboot.web.HelloControllerTest]
17:08:54.192 [Test worker] DEBUG org.springframework.context.annotation.ClassPathScanningCandidateComponentProvider - Identified candidate component class: file [C:\workspaceSpring\freelec-springboot2-webservice\build\classes\java\main\com\hadoyaji\book\springboot\Application.class]
17:08:54.194 [Test worker] INFO org.springframework.boot.test.context.SpringBootTestContextBootstrapper - Found @SpringBootConfiguration com.hadoyaji.book.springboot.Application for test class com.hadoyaji.book.springboot.web.HelloControllerTest
17:08:54.199 [Test worker] DEBUG org.springframework.boot.test.autoconfigure.web.servlet.WebMvcTestContextBootstrapper - @TestExecutionListeners is not present for class [com.hadoyaji.book.springboot.web.HelloControllerTest]: using defaults.
17:08:54.201 [Test worker] INFO org.springframework.boot.test.autoconfigure.web.servlet.WebMvcTestContextBootstrapper - Loaded default TestExecutionListener class names from location [META-INF/spring.factories]: [org.springframework.security.test.context.support.WithSecurityContextTestExecutionListener, org.springframework.security.test.context.support.ReactorContextTestExecutionListener, org.springframework.boot.test.autoconfigure.restdocs.RestDocsTestExecutionListener, org.springframework.boot.test.autoconfigure.web.client.MockRestServiceServerResetTestExecutionListener, org.springframework.boot.test.autoconfigure.web.servlet.MockMvcPrintOnlyOnFailureTestExecutionListener, org.springframework.boot.test.autoconfigure.web.servlet.WebDriverTestExecutionListener, org.springframework.boot.test.mock.mockito.MockitoTestExecutionListener, org.springframework.boot.test.mock.mockito.ResetMocksTestExecutionListener, org.springframework.test.context.web.ServletTestExecutionListener, org.springframework.test.context.support.DirtiesContextBeforeModesTestExecutionListener, org.springframework.test.context.support.DependencyInjectionTestExecutionListener, org.springframework.test.context.support.DirtiesContextTestExecutionListener, org.springframework.test.context.transaction.TransactionalTestExecutionListener, org.springframework.test.context.jdbc.SqlScriptsTestExecutionListener]
17:08:54.273 [Test worker] INFO org.springframework.boot.test.autoconfigure.web.servlet.WebMvcTestContextBootstrapper - Using TestExecutionListeners: [org.springframework.test.context.web.ServletTestExecutionListener@9dd92a, org.springframework.test.context.support.DirtiesContextBeforeModesTestExecutionListener@1dd3bf6, org.springframework.boot.test.mock.mockito.MockitoTestExecutionListener@f05e4d, org.springframework.boot.test.autoconfigure.SpringBootDependencyInjectionTestExecutionListener@104c89, org.springframework.test.context.support.DirtiesContextTestExecutionListener@4e9168, org.springframework.test.context.transaction.TransactionalTestExecutionListener@aa191c, org.springframework.test.context.jdbc.SqlScriptsTestExecutionListener@8230b2, org.springframework.security.test.context.support.WithSecurityContextTestExecutionListener@7658af, org.springframework.security.test.context.support.ReactorContextTestExecutionListener@cf4498, org.springframework.boot.test.autoconfigure.restdocs.RestDocsTestExecutionListener@13d864, org.springframework.boot.test.autoconfigure.web.client.MockRestServiceServerResetTestExecutionListener@1c16fb4, org.springframework.boot.test.autoconfigure.web.servlet.MockMvcPrintOnlyOnFailureTestExecutionListener@184f643, org.springframework.boot.test.autoconfigure.web.servlet.WebDriverTestExecutionListener@12d8def, org.springframework.boot.test.mock.mockito.ResetMocksTestExecutionListener@1e5b996]
17:08:54.278 [Test worker] DEBUG org.springframework.test.annotation.ProfileValueUtils - Retrieved @ProfileValueSourceConfiguration [null] for test class [com.hadoyaji.book.springboot.web.HelloControllerTest]
17:08:54.279 [Test worker] DEBUG org.springframework.test.annotation.ProfileValueUtils - Retrieved ProfileValueSource type [class org.springframework.test.annotation.SystemProfileValueSource] for class [com.hadoyaji.book.springboot.web.HelloControllerTest]
17:08:54.281 [Test worker] DEBUG org.springframework.test.annotation.ProfileValueUtils - Retrieved @ProfileValueSourceConfiguration [null] for test class [com.hadoyaji.book.springboot.web.HelloControllerTest]
17:08:54.282 [Test worker] DEBUG org.springframework.test.annotation.ProfileValueUtils - Retrieved ProfileValueSource type [class org.springframework.test.annotation.SystemProfileValueSource] for class [com.hadoyaji.book.springboot.web.HelloControllerTest]
17:08:54.285 [Test worker] DEBUG org.springframework.test.annotation.ProfileValueUtils - Retrieved @ProfileValueSourceConfiguration [null] for test class [com.hadoyaji.book.springboot.web.HelloControllerTest]
17:08:54.285 [Test worker] DEBUG org.springframework.test.annotation.ProfileValueUtils - Retrieved ProfileValueSource type [class org.springframework.test.annotation.SystemProfileValueSource] for class [com.hadoyaji.book.springboot.web.HelloControllerTest]
17:08:54.286 [Test worker] DEBUG org.springframework.test.annotation.ProfileValueUtils - Retrieved @ProfileValueSourceConfiguration [null] for test class [com.hadoyaji.book.springboot.web.HelloControllerTest]
17:08:54.287 [Test worker] DEBUG org.springframework.test.annotation.ProfileValueUtils - Retrieved ProfileValueSource type [class org.springframework.test.annotation.SystemProfileValueSource] for class [com.hadoyaji.book.springboot.web.HelloControllerTest]
17:08:54.304 [Test worker] DEBUG org.springframework.test.context.support.AbstractDirtiesContextTestExecutionListener - Before test class: context [DefaultTestContext@12237a8 testClass = HelloControllerTest, testInstance = [null], testMethod = [null], testException = [null], mergedContextConfiguration = [WebMergedContextConfiguration@6a8810 testClass = HelloControllerTest, locations = '{}', classes = '{class com.hadoyaji.book.springboot.Application}', contextInitializerClasses = '[]', activeProfiles = '{}', propertySourceLocations = '{}', propertySourceProperties = '{org.springframework.boot.test.autoconfigure.web.servlet.WebMvcTestContextBootstrapper=true}', contextCustomizers = set[org.springframework.boot.test.autoconfigure.OverrideAutoConfigurationContextCustomizerFactory$DisableAutoConfigurationContextCustomizer@e50c02, org.springframework.boot.test.autoconfigure.filter.TypeExcludeFiltersContextCustomizer@d253c374, org.springframework.boot.test.autoconfigure.properties.PropertyMappingContextCustomizer@f7a7a44d, org.springframework.boot.test.autoconfigure.web.servlet.WebDriverContextCustomizerFactory$Customizer@1dbf2d4, [ImportsContextCustomizer@ce5305 key = [org.springframework.boot.autoconfigure.cache.CacheAutoConfiguration, org.springframework.boot.autoconfigure.context.MessageSourceAutoConfiguration, org.springframework.boot.autoconfigure.data.web.SpringDataWebAutoConfiguration, org.springframework.boot.autoconfigure.freemarker.FreeMarkerAutoConfiguration, org.springframework.boot.autoconfigure.groovy.template.GroovyTemplateAutoConfiguration, org.springframework.boot.autoconfigure.gson.GsonAutoConfiguration, org.springframework.boot.autoconfigure.hateoas.HypermediaAutoConfiguration, org.springframework.boot.autoconfigure.http.HttpMessageConvertersAutoConfiguration, org.springframework.boot.autoconfigure.jackson.JacksonAutoConfiguration, org.springframework.boot.autoconfigure.jsonb.JsonbAutoConfiguration, org.springframework.boot.autoconfigure.mustache.MustacheAutoConfiguration, org.springframework.boot.autoconfigure.task.TaskExecutionAutoConfiguration, org.springframework.boot.autoconfigure.thymeleaf.ThymeleafAutoConfiguration, org.springframework.boot.autoconfigure.validation.ValidationAutoConfiguration, org.springframework.boot.autoconfigure.web.servlet.error.ErrorMvcAutoConfiguration, org.springframework.boot.autoconfigure.web.servlet.WebMvcAutoConfiguration, org.springframework.boot.test.autoconfigure.web.servlet.MockMvcAutoConfiguration, org.springframework.boot.test.autoconfigure.web.servlet.MockMvcSecurityAutoConfiguration, org.springframework.boot.test.autoconfigure.web.servlet.MockMvcWebClientAutoConfiguration, org.springframework.boot.test.autoconfigure.web.servlet.MockMvcWebDriverAutoConfiguration]], org.springframework.boot.test.context.filter.ExcludeFilterContextCustomizer@1322542, org.springframework.boot.test.json.DuplicateJsonObjectContextCustomizerFactory$DuplicateJsonObjectContextCustomizer@1395003, org.springframework.boot.test.mock.mockito.MockitoContextCustomizer@0], resourceBasePath = 'src/main/webapp', contextLoader = 'org.springframework.boot.test.context.SpringBootContextLoader', parent = [null]], attributes = map[[empty]]], class annotated with @DirtiesContext [false] with mode [null].
17:08:54.307 [Test worker] DEBUG org.springframework.test.annotation.ProfileValueUtils - Retrieved @ProfileValueSourceConfiguration [null] for test class [com.hadoyaji.book.springboot.web.HelloControllerTest]
17:08:54.307 [Test worker] DEBUG org.springframework.test.annotation.ProfileValueUtils - Retrieved ProfileValueSource type [class org.springframework.test.annotation.SystemProfileValueSource] for class [com.hadoyaji.book.springboot.web.HelloControllerTest]
17:08:54.322 [Test worker] DEBUG org.springframework.test.context.support.DependencyInjectionTestExecutionListener - Performing dependency injection for test context [[DefaultTestContext@12237a8 testClass = HelloControllerTest, testInstance = com.hadoyaji.book.springboot.web.HelloControllerTest@1ccde10, testMethod = [null], testException = [null], mergedContextConfiguration = [WebMergedContextConfiguration@6a8810 testClass = HelloControllerTest, locations = '{}', classes = '{class com.hadoyaji.book.springboot.Application}', contextInitializerClasses = '[]', activeProfiles = '{}', propertySourceLocations = '{}', propertySourceProperties = '{org.springframework.boot.test.autoconfigure.web.servlet.WebMvcTestContextBootstrapper=true}', contextCustomizers = set[org.springframework.boot.test.autoconfigure.OverrideAutoConfigurationContextCustomizerFactory$DisableAutoConfigurationContextCustomizer@e50c02, org.springframework.boot.test.autoconfigure.filter.TypeExcludeFiltersContextCustomizer@d253c374, org.springframework.boot.test.autoconfigure.properties.PropertyMappingContextCustomizer@f7a7a44d, org.springframework.boot.test.autoconfigure.web.servlet.WebDriverContextCustomizerFactory$Customizer@1dbf2d4, [ImportsContextCustomizer@ce5305 key = [org.springframework.boot.autoconfigure.cache.CacheAutoConfiguration, org.springframework.boot.autoconfigure.context.MessageSourceAutoConfiguration, org.springframework.boot.autoconfigure.data.web.SpringDataWebAutoConfiguration, org.springframework.boot.autoconfigure.freemarker.FreeMarkerAutoConfiguration, org.springframework.boot.autoconfigure.groovy.template.GroovyTemplateAutoConfiguration, org.springframework.boot.autoconfigure.gson.GsonAutoConfiguration, org.springframework.boot.autoconfigure.hateoas.HypermediaAutoConfiguration, org.springframework.boot.autoconfigure.http.HttpMessageConvertersAutoConfiguration, org.springframework.boot.autoconfigure.jackson.JacksonAutoConfiguration, org.springframework.boot.autoconfigure.jsonb.JsonbAutoConfiguration, org.springframework.boot.autoconfigure.mustache.MustacheAutoConfiguration, org.springframework.boot.autoconfigure.task.TaskExecutionAutoConfiguration, org.springframework.boot.autoconfigure.thymeleaf.ThymeleafAutoConfiguration, org.springframework.boot.autoconfigure.validation.ValidationAutoConfiguration, org.springframework.boot.autoconfigure.web.servlet.error.ErrorMvcAutoConfiguration, org.springframework.boot.autoconfigure.web.servlet.WebMvcAutoConfiguration, org.springframework.boot.test.autoconfigure.web.servlet.MockMvcAutoConfiguration, org.springframework.boot.test.autoconfigure.web.servlet.MockMvcSecurityAutoConfiguration, org.springframework.boot.test.autoconfigure.web.servlet.MockMvcWebClientAutoConfiguration, org.springframework.boot.test.autoconfigure.web.servlet.MockMvcWebDriverAutoConfiguration]], org.springframework.boot.test.context.filter.ExcludeFilterContextCustomizer@1322542, org.springframework.boot.test.json.DuplicateJsonObjectContextCustomizerFactory$DuplicateJsonObjectContextCustomizer@1395003, org.springframework.boot.test.mock.mockito.MockitoContextCustomizer@0], resourceBasePath = 'src/main/webapp', contextLoader = 'org.springframework.boot.test.context.SpringBootContextLoader', parent = [null]], attributes = map[[empty]]]].
17:08:54.664 [Test worker] DEBUG org.springframework.test.context.support.TestPropertySourceUtils - Adding inlined properties to environment: {spring.jmx.enabled=false, org.springframework.boot.test.autoconfigure.web.servlet.WebMvcTestContextBootstrapper=true, server.port=-1}

  .   ____          _            __ _ _
 /\\ / ___'_ __ _ _(_)_ __  __ _ \ \ \ \
( ( )\___ | '_ | '_| | '_ \/ _` | \ \ \ \
 \\/  ___)| |_)| | | | | || (_| |  ) ) ) )
  '  |____| .__|_| |_|_| |_\__, | / / / /
 =========|_|==============|___/=/_/_/_/
 :: Spring Boot ::        (v2.1.7.RELEASE)

2021-06-02 17:08:55.566  INFO 186056 --- [    Test worker] c.h.b.s.web.HelloControllerTest          : Starting HelloControllerTest on DESKTOP-HN3UIKG with PID 186056 (started by hagyu in C:\workspaceSpring\freelec-springboot2-webservice)
2021-06-02 17:08:55.568  INFO 186056 --- [    Test worker] c.h.b.s.web.HelloControllerTest          : The following profiles are active: oauth
2021-06-02 17:09:00.653  INFO 186056 --- [    Test worker] o.s.s.concurrent.ThreadPoolTaskExecutor  : Initializing ExecutorService 'applicationTaskExecutor'
2021-06-02 17:09:00.939  INFO 186056 --- [    Test worker] o.s.b.a.w.s.WelcomePageHandlerMapping    : Adding welcome page template: index
2021-06-02 17:09:02.173  INFO 186056 --- [    Test worker] .s.s.UserDetailsServiceAutoConfiguration : 

Using generated security password: dd138180-4199-417c-8ae5-cdfe113eea02

2021-06-02 17:09:03.139  INFO 186056 --- [    Test worker] o.s.s.web.DefaultSecurityFilterChain     : Creating filter chain: any request, [org.springframework.security.web.context.request.async.WebAsyncManagerIntegrationFilter@1638ac5, org.springframework.security.web.context.SecurityContextPersistenceFilter@14fbfc8, org.springframework.security.web.header.HeaderWriterFilter@60895e, org.springframework.security.web.csrf.CsrfFilter@1bb4cbf, org.springframework.security.web.authentication.logout.LogoutFilter@1c8f34c, org.springframework.security.web.authentication.UsernamePasswordAuthenticationFilter@19dde3c, org.springframework.security.web.authentication.ui.DefaultLoginPageGeneratingFilter@1350994, org.springframework.security.web.authentication.ui.DefaultLogoutPageGeneratingFilter@19b389a, org.springframework.security.web.authentication.www.BasicAuthenticationFilter@f14e28, org.springframework.security.web.savedrequest.RequestCacheAwareFilter@1c7d9e5, org.springframework.security.web.servletapi.SecurityContextHolderAwareRequestFilter@1ea75ee, org.springframework.security.web.authentication.AnonymousAuthenticationFilter@7a8df9, org.springframework.security.web.session.SessionManagementFilter@1733be6, org.springframework.security.web.access.ExceptionTranslationFilter@136dc0, org.springframework.security.web.access.intercept.FilterSecurityInterceptor@15b8ea4]
2021-06-02 17:09:03.247  INFO 186056 --- [    Test worker] o.s.b.t.m.w.SpringBootMockServletContext : Initializing Spring TestDispatcherServlet ''
2021-06-02 17:09:03.248  INFO 186056 --- [    Test worker] o.s.t.web.servlet.TestDispatcherServlet  : Initializing Servlet ''
2021-06-02 17:09:03.272  INFO 186056 --- [    Test worker] o.s.t.web.servlet.TestDispatcherServlet  : Completed initialization in 24 ms
2021-06-02 17:09:03.476  INFO 186056 --- [    Test worker] c.h.b.s.web.HelloControllerTest          : Started HelloControllerTest in 8.761 seconds (JVM running for 14.662)
]]></system-out>
  <system-err><![CDATA[]]></system-err>
</testsuite>
