<?xml version="1.0" encoding="UTF-8"?>
<testsuite name="com.hadoyaji.book.springboot.domain.posts.PostsRepositoryTest" tests="2" skipped="0" failures="0" errors="0" timestamp="2021-06-02T08:09:20" hostname="DESKTOP-HN3UIKG" time="0.749">
  <properties/>
  <testcase name="게시글저장_불러오기" classname="com.hadoyaji.book.springboot.domain.posts.PostsRepositoryTest" time="0.73"/>
  <testcase name="BaseTimeEntity_등록" classname="com.hadoyaji.book.springboot.domain.posts.PostsRepositoryTest" time="0.018"/>
  <system-out><![CDATA[2021-06-02 17:09:04.639  INFO 186056 --- [    Test worker] .b.t.c.SpringBootTestContextBootstrapper : Neither @ContextConfiguration nor @ContextHierarchy found for test class [com.hadoyaji.book.springboot.domain.posts.PostsRepositoryTest], using SpringBootContextLoader
2021-06-02 17:09:04.643  INFO 186056 --- [    Test worker] o.s.t.c.support.AbstractContextLoader    : Could not detect default resource locations for test class [com.hadoyaji.book.springboot.domain.posts.PostsRepositoryTest]: no resource found for suffixes {-context.xml, Context.groovy}.
2021-06-02 17:09:04.644  INFO 186056 --- [    Test worker] t.c.s.AnnotationConfigContextLoaderUtils : Could not detect default configuration classes for test class [com.hadoyaji.book.springboot.domain.posts.PostsRepositoryTest]: PostsRepositoryTest does not declare any static, non-private, non-final, nested classes annotated with @Configuration.
2021-06-02 17:09:04.723  INFO 186056 --- [    Test worker] .b.t.c.SpringBootTestContextBootstrapper : Found @SpringBootConfiguration com.hadoyaji.book.springboot.Application for test class com.hadoyaji.book.springboot.domain.posts.PostsRepositoryTest
2021-06-02 17:09:04.740  INFO 186056 --- [    Test worker] .b.t.c.SpringBootTestContextBootstrapper : Loaded default TestExecutionListener class names from location [META-INF/spring.factories]: [org.springframework.security.test.context.support.WithSecurityContextTestExecutionListener, org.springframework.security.test.context.support.ReactorContextTestExecutionListener, org.springframework.boot.test.autoconfigure.restdocs.RestDocsTestExecutionListener, org.springframework.boot.test.autoconfigure.web.client.MockRestServiceServerResetTestExecutionListener, org.springframework.boot.test.autoconfigure.web.servlet.MockMvcPrintOnlyOnFailureTestExecutionListener, org.springframework.boot.test.autoconfigure.web.servlet.WebDriverTestExecutionListener, org.springframework.boot.test.mock.mockito.MockitoTestExecutionListener, org.springframework.boot.test.mock.mockito.ResetMocksTestExecutionListener, org.springframework.test.context.web.ServletTestExecutionListener, org.springframework.test.context.support.DirtiesContextBeforeModesTestExecutionListener, org.springframework.test.context.support.DependencyInjectionTestExecutionListener, org.springframework.test.context.support.DirtiesContextTestExecutionListener, org.springframework.test.context.transaction.TransactionalTestExecutionListener, org.springframework.test.context.jdbc.SqlScriptsTestExecutionListener]
2021-06-02 17:09:04.745  INFO 186056 --- [    Test worker] .b.t.c.SpringBootTestContextBootstrapper : Using TestExecutionListeners: [org.springframework.test.context.web.ServletTestExecutionListener@ce338, org.springframework.test.context.support.DirtiesContextBeforeModesTestExecutionListener@3e651, org.springframework.boot.test.mock.mockito.MockitoTestExecutionListener@6a3f88, org.springframework.boot.test.autoconfigure.SpringBootDependencyInjectionTestExecutionListener@7c445e, org.springframework.test.context.support.DirtiesContextTestExecutionListener@180694a, org.springframework.test.context.transaction.TransactionalTestExecutionListener@743045, org.springframework.test.context.jdbc.SqlScriptsTestExecutionListener@1f9c73c, org.springframework.security.test.context.support.WithSecurityContextTestExecutionListener@19d3029, org.springframework.security.test.context.support.ReactorContextTestExecutionListener@165d9e9, org.springframework.boot.test.autoconfigure.restdocs.RestDocsTestExecutionListener@c62b58, org.springframework.boot.test.autoconfigure.web.client.MockRestServiceServerResetTestExecutionListener@127da1b, org.springframework.boot.test.autoconfigure.web.servlet.MockMvcPrintOnlyOnFailureTestExecutionListener@107ac2e, org.springframework.boot.test.autoconfigure.web.servlet.WebDriverTestExecutionListener@6482b6, org.springframework.boot.test.mock.mockito.ResetMocksTestExecutionListener@17bf9c9]

  .   ____          _            __ _ _
 /\\ / ___'_ __ _ _(_)_ __  __ _ \ \ \ \
( ( )\___ | '_ | '_| | '_ \/ _` | \ \ \ \
 \\/  ___)| |_)| | | | | || (_| |  ) ) ) )
  '  |____| .__|_| |_|_| |_\__, | / / / /
 =========|_|==============|___/=/_/_/_/
 :: Spring Boot ::        (v2.1.7.RELEASE)

2021-06-02 17:09:04.880  INFO 186056 --- [    Test worker] c.h.b.s.d.posts.PostsRepositoryTest      : Starting PostsRepositoryTest on DESKTOP-HN3UIKG with PID 186056 (started by hagyu in C:\workspaceSpring\freelec-springboot2-webservice)
2021-06-02 17:09:04.880  INFO 186056 --- [    Test worker] c.h.b.s.d.posts.PostsRepositoryTest      : The following profiles are active: oauth
2021-06-02 17:09:05.984  INFO 186056 --- [    Test worker] .s.d.r.c.RepositoryConfigurationDelegate : Bootstrapping Spring Data repositories in DEFAULT mode.
2021-06-02 17:09:06.187  INFO 186056 --- [    Test worker] .s.d.r.c.RepositoryConfigurationDelegate : Finished Spring Data repository scanning in 188ms. Found 2 repository interfaces.
2021-06-02 17:09:06.969  INFO 186056 --- [    Test worker] trationDelegate$BeanPostProcessorChecker : Bean 'org.springframework.transaction.annotation.ProxyTransactionManagementConfiguration' of type [org.springframework.transaction.annotation.ProxyTransactionManagementConfiguration$$EnhancerBySpringCGLIB$$de4f3e51] is not eligible for getting processed by all BeanPostProcessors (for example: not eligible for auto-proxying)
2021-06-02 17:09:07.340  INFO 186056 --- [    Test worker] com.zaxxer.hikari.HikariDataSource       : HikariPool-1 - Starting...
2021-06-02 17:09:07.816  INFO 186056 --- [    Test worker] com.zaxxer.hikari.HikariDataSource       : HikariPool-1 - Start completed.
2021-06-02 17:09:08.115  INFO 186056 --- [    Test worker] o.hibernate.jpa.internal.util.LogHelper  : HHH000204: Processing PersistenceUnitInfo [
	name: default
	...]
2021-06-02 17:09:08.459  INFO 186056 --- [    Test worker] org.hibernate.Version                    : HHH000412: Hibernate Core {5.3.10.Final}
2021-06-02 17:09:08.467  INFO 186056 --- [    Test worker] org.hibernate.cfg.Environment            : HHH000206: hibernate.properties not found
2021-06-02 17:09:08.714  INFO 186056 --- [    Test worker] o.hibernate.annotations.common.Version   : HCANN000001: Hibernate Commons Annotations {5.0.4.Final}
2021-06-02 17:09:09.507  INFO 186056 --- [    Test worker] org.hibernate.dialect.Dialect            : HHH000400: Using dialect: org.hibernate.dialect.MySQL5Dialect
Hibernate: drop table if exists posts
Hibernate: drop table if exists user
Hibernate: create table posts (id bigint not null auto_increment, created_date datetime, modified_date datetime, author varchar(255), content TEXT not null, title varchar(500) not null, primary key (id)) engine=MyISAM
Hibernate: create table user (id bigint not null auto_increment, created_date datetime, modified_date datetime, email varchar(255) not null, name varchar(255) not null, picture varchar(255), role varchar(255) not null, primary key (id)) engine=MyISAM
2021-06-02 17:09:12.486  INFO 186056 --- [    Test worker] o.h.t.schema.internal.SchemaCreatorImpl  : HHH000476: Executing import script 'org.hibernate.tool.schema.internal.exec.ScriptSourceInputNonExistentImpl@1c5b2a3'
2021-06-02 17:09:12.504  INFO 186056 --- [    Test worker] j.LocalContainerEntityManagerFactoryBean : Initialized JPA EntityManagerFactory for persistence unit 'default'
2021-06-02 17:09:14.647  INFO 186056 --- [    Test worker] o.h.h.i.QueryTranslatorFactoryInitiator  : HHH000397: Using ASTQueryTranslatorFactory
2021-06-02 17:09:15.799  INFO 186056 --- [    Test worker] o.s.s.web.DefaultSecurityFilterChain     : Creating filter chain: any request, [org.springframework.security.web.context.request.async.WebAsyncManagerIntegrationFilter@1bd155, org.springframework.security.web.context.SecurityContextPersistenceFilter@8d29e5, org.springframework.security.web.header.HeaderWriterFilter@c70641, org.springframework.security.web.authentication.logout.LogoutFilter@182926d, org.springframework.security.oauth2.client.web.OAuth2AuthorizationRequestRedirectFilter@1810e47, org.springframework.security.oauth2.client.web.OAuth2LoginAuthenticationFilter@1b18c5d, org.springframework.security.web.authentication.ui.DefaultLoginPageGeneratingFilter@6b4d84, org.springframework.security.web.authentication.ui.DefaultLogoutPageGeneratingFilter@1aa74b0, org.springframework.security.web.savedrequest.RequestCacheAwareFilter@198861e, org.springframework.security.web.servletapi.SecurityContextHolderAwareRequestFilter@1037b22, org.springframework.security.web.authentication.AnonymousAuthenticationFilter@20c77c, org.springframework.security.web.session.SessionManagementFilter@11298ee, org.springframework.security.web.access.ExceptionTranslationFilter@13f8b69, org.springframework.security.web.access.intercept.FilterSecurityInterceptor@141cd31]
2021-06-02 17:09:17.933  INFO 186056 --- [    Test worker] o.s.s.concurrent.ThreadPoolTaskExecutor  : Initializing ExecutorService 'applicationTaskExecutor'
2021-06-02 17:09:17.987  WARN 186056 --- [    Test worker] aWebConfiguration$JpaWebMvcConfiguration : spring.jpa.open-in-view is enabled by default. Therefore, database queries may be performed during view rendering. Explicitly configure spring.jpa.open-in-view to disable this warning
2021-06-02 17:09:18.118  INFO 186056 --- [    Test worker] o.s.b.a.w.s.WelcomePageHandlerMapping    : Adding welcome page template: index
2021-06-02 17:09:20.242  INFO 186056 --- [    Test worker] s.a.ScheduledAnnotationBeanPostProcessor : No TaskScheduler/ScheduledExecutorService bean found for scheduled processing
2021-06-02 17:09:20.263  INFO 186056 --- [    Test worker] c.h.b.s.d.posts.PostsRepositoryTest      : Started PostsRepositoryTest in 15.505 seconds (JVM running for 31.449)
Hibernate: insert into posts (created_date, modified_date, author, content, title) values (?, ?, ?, ?, ?)
Hibernate: select posts0_.id as id1_0_, posts0_.created_date as created_2_0_, posts0_.modified_date as modified3_0_, posts0_.author as author4_0_, posts0_.content as content5_0_, posts0_.title as title6_0_ from posts posts0_
Hibernate: select posts0_.id as id1_0_, posts0_.created_date as created_2_0_, posts0_.modified_date as modified3_0_, posts0_.author as author4_0_, posts0_.content as content5_0_, posts0_.title as title6_0_ from posts posts0_
Hibernate: delete from posts where id=?
Hibernate: insert into posts (created_date, modified_date, author, content, title) values (?, ?, ?, ?, ?)
Hibernate: select posts0_.id as id1_0_, posts0_.created_date as created_2_0_, posts0_.modified_date as modified3_0_, posts0_.author as author4_0_, posts0_.content as content5_0_, posts0_.title as title6_0_ from posts posts0_
>>>>createDate=2021-06-02T17:09:21.011,modifiedDate=2021-06-02T17:09:21.011
Hibernate: select posts0_.id as id1_0_, posts0_.created_date as created_2_0_, posts0_.modified_date as modified3_0_, posts0_.author as author4_0_, posts0_.content as content5_0_, posts0_.title as title6_0_ from posts posts0_
Hibernate: delete from posts where id=?
]]></system-out>
  <system-err><![CDATA[]]></system-err>
</testsuite>
