<?xml version="1.0" encoding="UTF-8"?>
<testsuite name="com.hadoyaji.book.springboot.web.HelloControllerTest" tests="2" skipped="0" failures="0" errors="0" timestamp="2021-06-04T08:07:02" hostname="DESKTOP-HN3UIKG" time="0.594">
  <properties/>
  <testcase name="hello_가_리턴된다" classname="com.hadoyaji.book.springboot.web.HelloControllerTest" time="0.25"/>
  <testcase name="helloDto가_리턴된다" classname="com.hadoyaji.book.springboot.web.HelloControllerTest" time="0.341"/>
  <system-out><![CDATA[2021-06-04 17:06:58.068  INFO 220652 --- [    Test worker] .b.t.a.w.s.WebMvcTestContextBootstrapper : Neither @ContextConfiguration nor @ContextHierarchy found for test class [com.hadoyaji.book.springboot.web.HelloControllerTest], using SpringBootContextLoader
2021-06-04 17:06:58.071  INFO 220652 --- [    Test worker] o.s.t.c.support.AbstractContextLoader    : Could not detect default resource locations for test class [com.hadoyaji.book.springboot.web.HelloControllerTest]: no resource found for suffixes {-context.xml, Context.groovy}.
2021-06-04 17:06:58.071  INFO 220652 --- [    Test worker] t.c.s.AnnotationConfigContextLoaderUtils : Could not detect default configuration classes for test class [com.hadoyaji.book.springboot.web.HelloControllerTest]: HelloControllerTest does not declare any static, non-private, non-final, nested classes annotated with @Configuration.
2021-06-04 17:06:58.137  INFO 220652 --- [    Test worker] .b.t.c.SpringBootTestContextBootstrapper : Found @SpringBootConfiguration com.hadoyaji.book.springboot.Application for test class com.hadoyaji.book.springboot.web.HelloControllerTest
2021-06-04 17:06:58.138  INFO 220652 --- [    Test worker] .b.t.a.w.s.WebMvcTestContextBootstrapper : Loaded default TestExecutionListener class names from location [META-INF/spring.factories]: [org.springframework.security.test.context.support.WithSecurityContextTestExecutionListener, org.springframework.security.test.context.support.ReactorContextTestExecutionListener, org.springframework.boot.test.autoconfigure.restdocs.RestDocsTestExecutionListener, org.springframework.boot.test.autoconfigure.web.client.MockRestServiceServerResetTestExecutionListener, org.springframework.boot.test.autoconfigure.web.servlet.MockMvcPrintOnlyOnFailureTestExecutionListener, org.springframework.boot.test.autoconfigure.web.servlet.WebDriverTestExecutionListener, org.springframework.boot.test.mock.mockito.MockitoTestExecutionListener, org.springframework.boot.test.mock.mockito.ResetMocksTestExecutionListener, org.springframework.test.context.web.ServletTestExecutionListener, org.springframework.test.context.support.DirtiesContextBeforeModesTestExecutionListener, org.springframework.test.context.support.DependencyInjectionTestExecutionListener, org.springframework.test.context.support.DirtiesContextTestExecutionListener, org.springframework.test.context.transaction.TransactionalTestExecutionListener, org.springframework.test.context.jdbc.SqlScriptsTestExecutionListener]
2021-06-04 17:06:58.141  INFO 220652 --- [    Test worker] .b.t.a.w.s.WebMvcTestContextBootstrapper : Using TestExecutionListeners: [org.springframework.test.context.web.ServletTestExecutionListener@10f59f4, org.springframework.test.context.support.DirtiesContextBeforeModesTestExecutionListener@1c51de, org.springframework.boot.test.mock.mockito.MockitoTestExecutionListener@12eb7f4, org.springframework.boot.test.autoconfigure.SpringBootDependencyInjectionTestExecutionListener@1f01daf, org.springframework.test.context.support.DirtiesContextTestExecutionListener@b365c, org.springframework.test.context.transaction.TransactionalTestExecutionListener@6110a2, org.springframework.test.context.jdbc.SqlScriptsTestExecutionListener@e29ccd, org.springframework.security.test.context.support.WithSecurityContextTestExecutionListener@1e8ecdb, org.springframework.security.test.context.support.ReactorContextTestExecutionListener@a4896c, org.springframework.boot.test.autoconfigure.restdocs.RestDocsTestExecutionListener@1c795a, org.springframework.boot.test.autoconfigure.web.client.MockRestServiceServerResetTestExecutionListener@4a9660, org.springframework.boot.test.autoconfigure.web.servlet.MockMvcPrintOnlyOnFailureTestExecutionListener@d239c6, org.springframework.boot.test.autoconfigure.web.servlet.WebDriverTestExecutionListener@bd28d9, org.springframework.boot.test.mock.mockito.ResetMocksTestExecutionListener@17050bd]

  .   ____          _            __ _ _
 /\\ / ___'_ __ _ _(_)_ __  __ _ \ \ \ \
( ( )\___ | '_ | '_| | '_ \/ _` | \ \ \ \
 \\/  ___)| |_)| | | | | || (_| |  ) ) ) )
  '  |____| .__|_| |_|_| |_\__, | / / / /
 =========|_|==============|___/=/_/_/_/
 :: Spring Boot ::        (v2.1.7.RELEASE)

2021-06-04 17:06:58.309  INFO 220652 --- [    Test worker] c.h.b.s.web.HelloControllerTest          : Starting HelloControllerTest on DESKTOP-HN3UIKG with PID 220652 (started by hagyu in C:\workspaceSpring\freelec-springboot2-webservice)
2021-06-04 17:06:58.309  INFO 220652 --- [    Test worker] c.h.b.s.web.HelloControllerTest          : The following profiles are active: oauth
2021-06-04 17:07:00.071  INFO 220652 --- [    Test worker] o.s.s.concurrent.ThreadPoolTaskExecutor  : Initializing ExecutorService 'applicationTaskExecutor'
2021-06-04 17:07:00.213  INFO 220652 --- [    Test worker] o.s.b.a.w.s.WelcomePageHandlerMapping    : Adding welcome page template: index
2021-06-04 17:07:01.051  INFO 220652 --- [    Test worker] .s.s.UserDetailsServiceAutoConfiguration : 

Using generated security password: 99e09a15-6442-4ef9-9e5f-b9f9464ac8cf

2021-06-04 17:07:01.809  INFO 220652 --- [    Test worker] o.s.s.web.DefaultSecurityFilterChain     : Creating filter chain: any request, [org.springframework.security.web.context.request.async.WebAsyncManagerIntegrationFilter@10c0e50, org.springframework.security.web.context.SecurityContextPersistenceFilter@ff8042, org.springframework.security.web.header.HeaderWriterFilter@4d6655, org.springframework.security.web.csrf.CsrfFilter@1ab504f, org.springframework.security.web.authentication.logout.LogoutFilter@138486d, org.springframework.security.web.authentication.UsernamePasswordAuthenticationFilter@c8433b, org.springframework.security.web.authentication.ui.DefaultLoginPageGeneratingFilter@101940b, org.springframework.security.web.authentication.ui.DefaultLogoutPageGeneratingFilter@120ec39, org.springframework.security.web.authentication.www.BasicAuthenticationFilter@103b6d6, org.springframework.security.web.savedrequest.RequestCacheAwareFilter@75c376, org.springframework.security.web.servletapi.SecurityContextHolderAwareRequestFilter@1077ae3, org.springframework.security.web.authentication.AnonymousAuthenticationFilter@18d45cd, org.springframework.security.web.session.SessionManagementFilter@10b6bfb, org.springframework.security.web.access.ExceptionTranslationFilter@1b76c7f, org.springframework.security.web.access.intercept.FilterSecurityInterceptor@12dc792]
2021-06-04 17:07:01.930  INFO 220652 --- [    Test worker] o.s.b.t.m.w.SpringBootMockServletContext : Initializing Spring TestDispatcherServlet ''
2021-06-04 17:07:01.930  INFO 220652 --- [    Test worker] o.s.t.web.servlet.TestDispatcherServlet  : Initializing Servlet ''
2021-06-04 17:07:01.989  INFO 220652 --- [    Test worker] o.s.t.web.servlet.TestDispatcherServlet  : Completed initialization in 58 ms
2021-06-04 17:07:02.102  INFO 220652 --- [    Test worker] c.h.b.s.web.HelloControllerTest          : Started HelloControllerTest in 3.954 seconds (JVM running for 26.716)
]]></system-out>
  <system-err><![CDATA[]]></system-err>
</testsuite>
