<?xml version="1.0" encoding="UTF-8"?>
<testsuite name="com.hadoyaji.book.springboot.web.indexControllerTest" tests="1" skipped="0" failures="0" errors="0" timestamp="2021-06-04T08:07:11" hostname="DESKTOP-HN3UIKG" time="0.638">
  <properties/>
  <testcase name="메인페이지_로딩" classname="com.hadoyaji.book.springboot.web.indexControllerTest" time="0.638"/>
  <system-out><![CDATA[2021-06-04 17:07:02.710  INFO 220652 --- [    Test worker] .b.t.c.SpringBootTestContextBootstrapper : Neither @ContextConfiguration nor @ContextHierarchy found for test class [com.hadoyaji.book.springboot.web.indexControllerTest], using SpringBootContextLoader
2021-06-04 17:07:02.714  INFO 220652 --- [    Test worker] o.s.t.c.support.AbstractContextLoader    : Could not detect default resource locations for test class [com.hadoyaji.book.springboot.web.indexControllerTest]: no resource found for suffixes {-context.xml, Context.groovy}.
2021-06-04 17:07:02.715  INFO 220652 --- [    Test worker] t.c.s.AnnotationConfigContextLoaderUtils : Could not detect default configuration classes for test class [com.hadoyaji.book.springboot.web.indexControllerTest]: indexControllerTest does not declare any static, non-private, non-final, nested classes annotated with @Configuration.
2021-06-04 17:07:02.719  INFO 220652 --- [    Test worker] .b.t.c.SpringBootTestContextBootstrapper : Found @SpringBootConfiguration com.hadoyaji.book.springboot.Application for test class com.hadoyaji.book.springboot.web.indexControllerTest
2021-06-04 17:07:02.722  INFO 220652 --- [    Test worker] .b.t.c.SpringBootTestContextBootstrapper : Loaded default TestExecutionListener class names from location [META-INF/spring.factories]: [org.springframework.security.test.context.support.WithSecurityContextTestExecutionListener, org.springframework.security.test.context.support.ReactorContextTestExecutionListener, org.springframework.boot.test.autoconfigure.restdocs.RestDocsTestExecutionListener, org.springframework.boot.test.autoconfigure.web.client.MockRestServiceServerResetTestExecutionListener, org.springframework.boot.test.autoconfigure.web.servlet.MockMvcPrintOnlyOnFailureTestExecutionListener, org.springframework.boot.test.autoconfigure.web.servlet.WebDriverTestExecutionListener, org.springframework.boot.test.mock.mockito.MockitoTestExecutionListener, org.springframework.boot.test.mock.mockito.ResetMocksTestExecutionListener, org.springframework.test.context.web.ServletTestExecutionListener, org.springframework.test.context.support.DirtiesContextBeforeModesTestExecutionListener, org.springframework.test.context.support.DependencyInjectionTestExecutionListener, org.springframework.test.context.support.DirtiesContextTestExecutionListener, org.springframework.test.context.transaction.TransactionalTestExecutionListener, org.springframework.test.context.jdbc.SqlScriptsTestExecutionListener]
2021-06-04 17:07:02.724  INFO 220652 --- [    Test worker] .b.t.c.SpringBootTestContextBootstrapper : Using TestExecutionListeners: [org.springframework.test.context.web.ServletTestExecutionListener@dce801, org.springframework.test.context.support.DirtiesContextBeforeModesTestExecutionListener@560e29, org.springframework.boot.test.mock.mockito.MockitoTestExecutionListener@19e0277, org.springframework.boot.test.autoconfigure.SpringBootDependencyInjectionTestExecutionListener@a739b, org.springframework.test.context.support.DirtiesContextTestExecutionListener@1fd053b, org.springframework.test.context.transaction.TransactionalTestExecutionListener@122636b, org.springframework.test.context.jdbc.SqlScriptsTestExecutionListener@704c82, org.springframework.security.test.context.support.WithSecurityContextTestExecutionListener@1e7727c, org.springframework.security.test.context.support.ReactorContextTestExecutionListener@e27866, org.springframework.boot.test.autoconfigure.restdocs.RestDocsTestExecutionListener@963ea, org.springframework.boot.test.autoconfigure.web.client.MockRestServiceServerResetTestExecutionListener@8128b5, org.springframework.boot.test.autoconfigure.web.servlet.MockMvcPrintOnlyOnFailureTestExecutionListener@d1de4b, org.springframework.boot.test.autoconfigure.web.servlet.WebDriverTestExecutionListener@12da3ff, org.springframework.boot.test.mock.mockito.ResetMocksTestExecutionListener@6c8903]

  .   ____          _            __ _ _
 /\\ / ___'_ __ _ _(_)_ __  __ _ \ \ \ \
( ( )\___ | '_ | '_| | '_ \/ _` | \ \ \ \
 \\/  ___)| |_)| | | | | || (_| |  ) ) ) )
  '  |____| .__|_| |_|_| |_\__, | / / / /
 =========|_|==============|___/=/_/_/_/
 :: Spring Boot ::        (v2.1.7.RELEASE)

2021-06-04 17:07:02.894  INFO 220652 --- [    Test worker] c.h.b.s.web.indexControllerTest          : Starting indexControllerTest on DESKTOP-HN3UIKG with PID 220652 (started by hagyu in C:\workspaceSpring\freelec-springboot2-webservice)
2021-06-04 17:07:02.894  INFO 220652 --- [    Test worker] c.h.b.s.web.indexControllerTest          : The following profiles are active: oauth
2021-06-04 17:07:03.830  INFO 220652 --- [    Test worker] .s.d.r.c.RepositoryConfigurationDelegate : Bootstrapping Spring Data repositories in DEFAULT mode.
2021-06-04 17:07:03.919  INFO 220652 --- [    Test worker] .s.d.r.c.RepositoryConfigurationDelegate : Finished Spring Data repository scanning in 88ms. Found 2 repository interfaces.
2021-06-04 17:07:04.296  INFO 220652 --- [    Test worker] trationDelegate$BeanPostProcessorChecker : Bean 'org.springframework.transaction.annotation.ProxyTransactionManagementConfiguration' of type [org.springframework.transaction.annotation.ProxyTransactionManagementConfiguration$$EnhancerBySpringCGLIB$$bcd79ef1] is not eligible for getting processed by all BeanPostProcessors (for example: not eligible for auto-proxying)
2021-06-04 17:07:05.213  INFO 220652 --- [    Test worker] o.s.b.w.embedded.tomcat.TomcatWebServer  : Tomcat initialized with port(s): 0 (http)
2021-06-04 17:07:05.318  INFO 220652 --- [    Test worker] o.apache.catalina.core.StandardService   : Starting service [Tomcat]
2021-06-04 17:07:05.319  INFO 220652 --- [    Test worker] org.apache.catalina.core.StandardEngine  : Starting Servlet engine: [Apache Tomcat/9.0.22]
2021-06-04 17:07:05.884  INFO 220652 --- [    Test worker] o.a.c.c.C.[Tomcat].[localhost].[/]       : Initializing Spring embedded WebApplicationContext
2021-06-04 17:07:05.884  INFO 220652 --- [    Test worker] o.s.web.context.ContextLoader            : Root WebApplicationContext: initialization completed in 2972 ms
2021-06-04 17:07:06.628  INFO 220652 --- [    Test worker] com.zaxxer.hikari.HikariDataSource       : HikariPool-2 - Starting...
2021-06-04 17:07:06.630  INFO 220652 --- [    Test worker] com.zaxxer.hikari.HikariDataSource       : HikariPool-2 - Start completed.
2021-06-04 17:07:06.778  INFO 220652 --- [    Test worker] o.hibernate.jpa.internal.util.LogHelper  : HHH000204: Processing PersistenceUnitInfo [
	name: default
	...]
2021-06-04 17:07:06.812  INFO 220652 --- [    Test worker] org.hibernate.dialect.Dialect            : HHH000400: Using dialect: org.hibernate.dialect.MySQL5Dialect
Hibernate: drop table if exists posts
Hibernate: drop table if exists user
Hibernate: create table posts (id bigint not null auto_increment, created_date datetime, modified_date datetime, author varchar(255), content TEXT not null, title varchar(500) not null, primary key (id)) engine=MyISAM
Hibernate: create table user (id bigint not null auto_increment, created_date datetime, modified_date datetime, email varchar(255) not null, name varchar(255) not null, picture varchar(255), role varchar(255) not null, primary key (id)) engine=MyISAM
2021-06-04 17:07:06.953  INFO 220652 --- [    Test worker] o.h.t.schema.internal.SchemaCreatorImpl  : HHH000476: Executing import script 'org.hibernate.tool.schema.internal.exec.ScriptSourceInputNonExistentImpl@131ae56'
2021-06-04 17:07:06.953  INFO 220652 --- [    Test worker] j.LocalContainerEntityManagerFactoryBean : Initialized JPA EntityManagerFactory for persistence unit 'default'
2021-06-04 17:07:08.566  INFO 220652 --- [    Test worker] o.h.h.i.QueryTranslatorFactoryInitiator  : HHH000397: Using ASTQueryTranslatorFactory
2021-06-04 17:07:09.468  INFO 220652 --- [    Test worker] o.s.s.web.DefaultSecurityFilterChain     : Creating filter chain: any request, [org.springframework.security.web.context.request.async.WebAsyncManagerIntegrationFilter@11ca72b, org.springframework.security.web.context.SecurityContextPersistenceFilter@1273e20, org.springframework.security.web.header.HeaderWriterFilter@fb8f06, org.springframework.security.web.authentication.logout.LogoutFilter@19ac2d4, org.springframework.security.oauth2.client.web.OAuth2AuthorizationRequestRedirectFilter@b887fa, org.springframework.security.oauth2.client.web.OAuth2LoginAuthenticationFilter@ef8f86, org.springframework.security.web.authentication.ui.DefaultLoginPageGeneratingFilter@10235aa, org.springframework.security.web.authentication.ui.DefaultLogoutPageGeneratingFilter@59eb33, org.springframework.security.web.savedrequest.RequestCacheAwareFilter@1e96128, org.springframework.security.web.servletapi.SecurityContextHolderAwareRequestFilter@15c4f6c, org.springframework.security.web.authentication.AnonymousAuthenticationFilter@e3855, org.springframework.security.web.session.SessionManagementFilter@905287, org.springframework.security.web.access.ExceptionTranslationFilter@112e793, org.springframework.security.web.access.intercept.FilterSecurityInterceptor@a8b15a]
2021-06-04 17:07:10.215  INFO 220652 --- [    Test worker] o.s.s.concurrent.ThreadPoolTaskExecutor  : Initializing ExecutorService 'applicationTaskExecutor'
2021-06-04 17:07:10.259  WARN 220652 --- [    Test worker] aWebConfiguration$JpaWebMvcConfiguration : spring.jpa.open-in-view is enabled by default. Therefore, database queries may be performed during view rendering. Explicitly configure spring.jpa.open-in-view to disable this warning
2021-06-04 17:07:10.357  INFO 220652 --- [    Test worker] o.s.b.a.w.s.WelcomePageHandlerMapping    : Adding welcome page template: index
2021-06-04 17:07:11.613  INFO 220652 --- [    Test worker] s.a.ScheduledAnnotationBeanPostProcessor : No TaskScheduler/ScheduledExecutorService bean found for scheduled processing
2021-06-04 17:07:11.648  INFO 220652 --- [    Test worker] o.s.b.w.embedded.tomcat.TomcatWebServer  : Tomcat started on port(s): 53378 (http) with context path ''
2021-06-04 17:07:11.650  INFO 220652 --- [    Test worker] c.h.b.s.web.indexControllerTest          : Started indexControllerTest in 8.921 seconds (JVM running for 36.263)
2021-06-04 17:07:11.871  INFO 220652 --- [o-auto-1-exec-1] o.a.c.c.C.[Tomcat].[localhost].[/]       : Initializing Spring DispatcherServlet 'dispatcherServlet'
2021-06-04 17:07:11.872  INFO 220652 --- [o-auto-1-exec-1] o.s.web.servlet.DispatcherServlet        : Initializing Servlet 'dispatcherServlet'
2021-06-04 17:07:11.972  INFO 220652 --- [o-auto-1-exec-1] o.s.web.servlet.DispatcherServlet        : Completed initialization in 100 ms
Hibernate: select posts0_.id as id1_0_, posts0_.created_date as created_2_0_, posts0_.modified_date as modified3_0_, posts0_.author as author4_0_, posts0_.content as content5_0_, posts0_.title as title6_0_ from posts posts0_ order by posts0_.id DESC
]]></system-out>
  <system-err><![CDATA[]]></system-err>
</testsuite>
