<?xml version="1.0" encoding="UTF-8"?>
<testsuite name="com.hadoyaji.book.springboot.web.HelloControllerTest" tests="2" skipped="0" failures="0" errors="0" timestamp="2021-06-05T14:27:25" hostname="DESKTOP-HN3UIKG" time="0.281">
  <properties/>
  <testcase name="hello_가_리턴된다" classname="com.hadoyaji.book.springboot.web.HelloControllerTest" time="0.13"/>
  <testcase name="helloDto가_리턴된다" classname="com.hadoyaji.book.springboot.web.HelloControllerTest" time="0.15"/>
  <system-out><![CDATA[2021-06-05 23:27:23.660  INFO 233012 --- [    Test worker] .b.t.a.w.s.WebMvcTestContextBootstrapper : Neither @ContextConfiguration nor @ContextHierarchy found for test class [com.hadoyaji.book.springboot.web.HelloControllerTest], using SpringBootContextLoader
2021-06-05 23:27:23.661  INFO 233012 --- [    Test worker] o.s.t.c.support.AbstractContextLoader    : Could not detect default resource locations for test class [com.hadoyaji.book.springboot.web.HelloControllerTest]: no resource found for suffixes {-context.xml, Context.groovy}.
2021-06-05 23:27:23.662  INFO 233012 --- [    Test worker] t.c.s.AnnotationConfigContextLoaderUtils : Could not detect default configuration classes for test class [com.hadoyaji.book.springboot.web.HelloControllerTest]: HelloControllerTest does not declare any static, non-private, non-final, nested classes annotated with @Configuration.
2021-06-05 23:27:23.704  INFO 233012 --- [    Test worker] .b.t.c.SpringBootTestContextBootstrapper : Found @SpringBootConfiguration com.hadoyaji.book.springboot.Application for test class com.hadoyaji.book.springboot.web.HelloControllerTest
2021-06-05 23:27:23.705  INFO 233012 --- [    Test worker] .b.t.a.w.s.WebMvcTestContextBootstrapper : Loaded default TestExecutionListener class names from location [META-INF/spring.factories]: [org.springframework.security.test.context.support.WithSecurityContextTestExecutionListener, org.springframework.security.test.context.support.ReactorContextTestExecutionListener, org.springframework.boot.test.autoconfigure.restdocs.RestDocsTestExecutionListener, org.springframework.boot.test.autoconfigure.web.client.MockRestServiceServerResetTestExecutionListener, org.springframework.boot.test.autoconfigure.web.servlet.MockMvcPrintOnlyOnFailureTestExecutionListener, org.springframework.boot.test.autoconfigure.web.servlet.WebDriverTestExecutionListener, org.springframework.boot.test.mock.mockito.MockitoTestExecutionListener, org.springframework.boot.test.mock.mockito.ResetMocksTestExecutionListener, org.springframework.test.context.web.ServletTestExecutionListener, org.springframework.test.context.support.DirtiesContextBeforeModesTestExecutionListener, org.springframework.test.context.support.DependencyInjectionTestExecutionListener, org.springframework.test.context.support.DirtiesContextTestExecutionListener, org.springframework.test.context.transaction.TransactionalTestExecutionListener, org.springframework.test.context.jdbc.SqlScriptsTestExecutionListener]
2021-06-05 23:27:23.707  INFO 233012 --- [    Test worker] .b.t.a.w.s.WebMvcTestContextBootstrapper : Using TestExecutionListeners: [org.springframework.test.context.web.ServletTestExecutionListener@11bfbfa, org.springframework.test.context.support.DirtiesContextBeforeModesTestExecutionListener@f34698, org.springframework.boot.test.mock.mockito.MockitoTestExecutionListener@15ce9e3, org.springframework.boot.test.autoconfigure.SpringBootDependencyInjectionTestExecutionListener@b28192, org.springframework.test.context.support.DirtiesContextTestExecutionListener@b07c95, org.springframework.test.context.transaction.TransactionalTestExecutionListener@29379d, org.springframework.test.context.jdbc.SqlScriptsTestExecutionListener@32d44a, org.springframework.security.test.context.support.WithSecurityContextTestExecutionListener@8e7b0f, org.springframework.security.test.context.support.ReactorContextTestExecutionListener@109fbdf, org.springframework.boot.test.autoconfigure.restdocs.RestDocsTestExecutionListener@dbab7c, org.springframework.boot.test.autoconfigure.web.client.MockRestServiceServerResetTestExecutionListener@dbada9, org.springframework.boot.test.autoconfigure.web.servlet.MockMvcPrintOnlyOnFailureTestExecutionListener@1faf8be, org.springframework.boot.test.autoconfigure.web.servlet.WebDriverTestExecutionListener@1b5229d, org.springframework.boot.test.mock.mockito.ResetMocksTestExecutionListener@78f45c]

  .   ____          _            __ _ _
 /\\ / ___'_ __ _ _(_)_ __  __ _ \ \ \ \
( ( )\___ | '_ | '_| | '_ \/ _` | \ \ \ \
 \\/  ___)| |_)| | | | | || (_| |  ) ) ) )
  '  |____| .__|_| |_|_| |_\__, | / / / /
 =========|_|==============|___/=/_/_/_/
 :: Spring Boot ::        (v2.1.7.RELEASE)

2021-06-05 23:27:23.800  INFO 233012 --- [    Test worker] c.h.b.s.web.HelloControllerTest          : Starting HelloControllerTest on DESKTOP-HN3UIKG with PID 233012 (started by hagyu in C:\workspaceSpring\freelec-springboot2-webservice)
2021-06-05 23:27:23.800  INFO 233012 --- [    Test worker] c.h.b.s.web.HelloControllerTest          : The following profiles are active: oauth
2021-06-05 23:27:24.614  INFO 233012 --- [    Test worker] o.s.s.concurrent.ThreadPoolTaskExecutor  : Initializing ExecutorService 'applicationTaskExecutor'
2021-06-05 23:27:24.679  INFO 233012 --- [    Test worker] o.s.b.a.w.s.WelcomePageHandlerMapping    : Adding welcome page template: index
2021-06-05 23:27:25.122  INFO 233012 --- [    Test worker] .s.s.UserDetailsServiceAutoConfiguration : 

Using generated security password: 33946b53-17e6-447e-8603-a2a512e3e4f1

2021-06-05 23:27:25.458  INFO 233012 --- [    Test worker] o.s.s.web.DefaultSecurityFilterChain     : Creating filter chain: any request, [org.springframework.security.web.context.request.async.WebAsyncManagerIntegrationFilter@570e6b, org.springframework.security.web.context.SecurityContextPersistenceFilter@819b81, org.springframework.security.web.header.HeaderWriterFilter@80f502, org.springframework.security.web.csrf.CsrfFilter@16c40c3, org.springframework.security.web.authentication.logout.LogoutFilter@d1a682, org.springframework.security.web.authentication.UsernamePasswordAuthenticationFilter@1dd67aa, org.springframework.security.web.authentication.ui.DefaultLoginPageGeneratingFilter@1941b97, org.springframework.security.web.authentication.ui.DefaultLogoutPageGeneratingFilter@1e8d976, org.springframework.security.web.authentication.www.BasicAuthenticationFilter@1ded2f2, org.springframework.security.web.savedrequest.RequestCacheAwareFilter@1412693, org.springframework.security.web.servletapi.SecurityContextHolderAwareRequestFilter@4cff5c, org.springframework.security.web.authentication.AnonymousAuthenticationFilter@c2dcfb, org.springframework.security.web.session.SessionManagementFilter@161c3c9, org.springframework.security.web.access.ExceptionTranslationFilter@123dbd1, org.springframework.security.web.access.intercept.FilterSecurityInterceptor@fbd32b]
2021-06-05 23:27:25.534  INFO 233012 --- [    Test worker] o.s.b.t.m.w.SpringBootMockServletContext : Initializing Spring TestDispatcherServlet ''
2021-06-05 23:27:25.534  INFO 233012 --- [    Test worker] o.s.t.web.servlet.TestDispatcherServlet  : Initializing Servlet ''
2021-06-05 23:27:25.564  INFO 233012 --- [    Test worker] o.s.t.web.servlet.TestDispatcherServlet  : Completed initialization in 29 ms
2021-06-05 23:27:25.638  INFO 233012 --- [    Test worker] c.h.b.s.web.HelloControllerTest          : Started HelloControllerTest in 1.928 seconds (JVM running for 18.391)
]]></system-out>
  <system-err><![CDATA[]]></system-err>
</testsuite>
