<?xml version="1.0" encoding="UTF-8"?>
<testsuite name="com.hadoyaji.book.springboot.web.indexControllerTest" tests="1" skipped="0" failures="0" errors="0" timestamp="2021-06-05T14:27:30" hostname="DESKTOP-HN3UIKG" time="0.272">
  <properties/>
  <testcase name="메인페이지_로딩" classname="com.hadoyaji.book.springboot.web.indexControllerTest" time="0.272"/>
  <system-out><![CDATA[2021-06-05 23:27:25.928  INFO 233012 --- [    Test worker] .b.t.c.SpringBootTestContextBootstrapper : Neither @ContextConfiguration nor @ContextHierarchy found for test class [com.hadoyaji.book.springboot.web.indexControllerTest], using SpringBootContextLoader
2021-06-05 23:27:25.929  INFO 233012 --- [    Test worker] o.s.t.c.support.AbstractContextLoader    : Could not detect default resource locations for test class [com.hadoyaji.book.springboot.web.indexControllerTest]: no resource found for suffixes {-context.xml, Context.groovy}.
2021-06-05 23:27:25.929  INFO 233012 --- [    Test worker] t.c.s.AnnotationConfigContextLoaderUtils : Could not detect default configuration classes for test class [com.hadoyaji.book.springboot.web.indexControllerTest]: indexControllerTest does not declare any static, non-private, non-final, nested classes annotated with @Configuration.
2021-06-05 23:27:25.931  INFO 233012 --- [    Test worker] .b.t.c.SpringBootTestContextBootstrapper : Found @SpringBootConfiguration com.hadoyaji.book.springboot.Application for test class com.hadoyaji.book.springboot.web.indexControllerTest
2021-06-05 23:27:25.933  INFO 233012 --- [    Test worker] .b.t.c.SpringBootTestContextBootstrapper : Loaded default TestExecutionListener class names from location [META-INF/spring.factories]: [org.springframework.security.test.context.support.WithSecurityContextTestExecutionListener, org.springframework.security.test.context.support.ReactorContextTestExecutionListener, org.springframework.boot.test.autoconfigure.restdocs.RestDocsTestExecutionListener, org.springframework.boot.test.autoconfigure.web.client.MockRestServiceServerResetTestExecutionListener, org.springframework.boot.test.autoconfigure.web.servlet.MockMvcPrintOnlyOnFailureTestExecutionListener, org.springframework.boot.test.autoconfigure.web.servlet.WebDriverTestExecutionListener, org.springframework.boot.test.mock.mockito.MockitoTestExecutionListener, org.springframework.boot.test.mock.mockito.ResetMocksTestExecutionListener, org.springframework.test.context.web.ServletTestExecutionListener, org.springframework.test.context.support.DirtiesContextBeforeModesTestExecutionListener, org.springframework.test.context.support.DependencyInjectionTestExecutionListener, org.springframework.test.context.support.DirtiesContextTestExecutionListener, org.springframework.test.context.transaction.TransactionalTestExecutionListener, org.springframework.test.context.jdbc.SqlScriptsTestExecutionListener]
2021-06-05 23:27:25.935  INFO 233012 --- [    Test worker] .b.t.c.SpringBootTestContextBootstrapper : Using TestExecutionListeners: [org.springframework.test.context.web.ServletTestExecutionListener@1dbc412, org.springframework.test.context.support.DirtiesContextBeforeModesTestExecutionListener@bbe36a, org.springframework.boot.test.mock.mockito.MockitoTestExecutionListener@1976d9, org.springframework.boot.test.autoconfigure.SpringBootDependencyInjectionTestExecutionListener@1095ee1, org.springframework.test.context.support.DirtiesContextTestExecutionListener@a7f386, org.springframework.test.context.transaction.TransactionalTestExecutionListener@108e8cb, org.springframework.test.context.jdbc.SqlScriptsTestExecutionListener@18f0cd, org.springframework.security.test.context.support.WithSecurityContextTestExecutionListener@1bd46f9, org.springframework.security.test.context.support.ReactorContextTestExecutionListener@fdab4b, org.springframework.boot.test.autoconfigure.restdocs.RestDocsTestExecutionListener@bf4faf, org.springframework.boot.test.autoconfigure.web.client.MockRestServiceServerResetTestExecutionListener@11252ed, org.springframework.boot.test.autoconfigure.web.servlet.MockMvcPrintOnlyOnFailureTestExecutionListener@dd4bf8, org.springframework.boot.test.autoconfigure.web.servlet.WebDriverTestExecutionListener@1430a9b, org.springframework.boot.test.mock.mockito.ResetMocksTestExecutionListener@1a3edeb]

  .   ____          _            __ _ _
 /\\ / ___'_ __ _ _(_)_ __  __ _ \ \ \ \
( ( )\___ | '_ | '_| | '_ \/ _` | \ \ \ \
 \\/  ___)| |_)| | | | | || (_| |  ) ) ) )
  '  |____| .__|_| |_|_| |_\__, | / / / /
 =========|_|==============|___/=/_/_/_/
 :: Spring Boot ::        (v2.1.7.RELEASE)

2021-06-05 23:27:26.046  INFO 233012 --- [    Test worker] c.h.b.s.web.indexControllerTest          : Starting indexControllerTest on DESKTOP-HN3UIKG with PID 233012 (started by hagyu in C:\workspaceSpring\freelec-springboot2-webservice)
2021-06-05 23:27:26.046  INFO 233012 --- [    Test worker] c.h.b.s.web.indexControllerTest          : The following profiles are active: oauth
2021-06-05 23:27:26.462  INFO 233012 --- [    Test worker] .s.d.r.c.RepositoryConfigurationDelegate : Bootstrapping Spring Data repositories in DEFAULT mode.
2021-06-05 23:27:26.515  INFO 233012 --- [    Test worker] .s.d.r.c.RepositoryConfigurationDelegate : Finished Spring Data repository scanning in 52ms. Found 2 repository interfaces.
2021-06-05 23:27:26.716  INFO 233012 --- [    Test worker] trationDelegate$BeanPostProcessorChecker : Bean 'org.springframework.transaction.annotation.ProxyTransactionManagementConfiguration' of type [org.springframework.transaction.annotation.ProxyTransactionManagementConfiguration$$EnhancerBySpringCGLIB$$1e7861c0] is not eligible for getting processed by all BeanPostProcessors (for example: not eligible for auto-proxying)
2021-06-05 23:27:27.218  INFO 233012 --- [    Test worker] o.s.b.w.embedded.tomcat.TomcatWebServer  : Tomcat initialized with port(s): 0 (http)
2021-06-05 23:27:27.268  INFO 233012 --- [    Test worker] o.apache.catalina.core.StandardService   : Starting service [Tomcat]
2021-06-05 23:27:27.268  INFO 233012 --- [    Test worker] org.apache.catalina.core.StandardEngine  : Starting Servlet engine: [Apache Tomcat/9.0.22]
2021-06-05 23:27:27.603  INFO 233012 --- [    Test worker] o.a.c.c.C.[Tomcat].[localhost].[/]       : Initializing Spring embedded WebApplicationContext
2021-06-05 23:27:27.603  INFO 233012 --- [    Test worker] o.s.web.context.ContextLoader            : Root WebApplicationContext: initialization completed in 1552 ms
2021-06-05 23:27:27.979  INFO 233012 --- [    Test worker] com.zaxxer.hikari.HikariDataSource       : HikariPool-2 - Starting...
2021-06-05 23:27:27.980  INFO 233012 --- [    Test worker] com.zaxxer.hikari.HikariDataSource       : HikariPool-2 - Start completed.
2021-06-05 23:27:28.071  INFO 233012 --- [    Test worker] o.hibernate.jpa.internal.util.LogHelper  : HHH000204: Processing PersistenceUnitInfo [
	name: default
	...]
2021-06-05 23:27:28.097  INFO 233012 --- [    Test worker] org.hibernate.dialect.Dialect            : HHH000400: Using dialect: org.hibernate.dialect.MySQL5Dialect
Hibernate: drop table if exists posts
Hibernate: drop table if exists user
Hibernate: create table posts (id bigint not null auto_increment, created_date datetime, modified_date datetime, author varchar(255), content TEXT not null, title varchar(500) not null, primary key (id)) engine=MyISAM
Hibernate: create table user (id bigint not null auto_increment, created_date datetime, modified_date datetime, email varchar(255) not null, name varchar(255) not null, picture varchar(255), role varchar(255) not null, primary key (id)) engine=MyISAM
2021-06-05 23:27:28.220  INFO 233012 --- [    Test worker] o.h.t.schema.internal.SchemaCreatorImpl  : HHH000476: Executing import script 'org.hibernate.tool.schema.internal.exec.ScriptSourceInputNonExistentImpl@14e3c23'
2021-06-05 23:27:28.220  INFO 233012 --- [    Test worker] j.LocalContainerEntityManagerFactoryBean : Initialized JPA EntityManagerFactory for persistence unit 'default'
2021-06-05 23:27:29.034  INFO 233012 --- [    Test worker] o.h.h.i.QueryTranslatorFactoryInitiator  : HHH000397: Using ASTQueryTranslatorFactory
2021-06-05 23:27:29.371  INFO 233012 --- [    Test worker] o.s.s.web.DefaultSecurityFilterChain     : Creating filter chain: any request, [org.springframework.security.web.context.request.async.WebAsyncManagerIntegrationFilter@b36c4d, org.springframework.security.web.context.SecurityContextPersistenceFilter@1c9ebb8, org.springframework.security.web.header.HeaderWriterFilter@134707, org.springframework.security.web.authentication.logout.LogoutFilter@1b192c3, org.springframework.security.oauth2.client.web.OAuth2AuthorizationRequestRedirectFilter@18685e2, org.springframework.security.oauth2.client.web.OAuth2LoginAuthenticationFilter@1d95168, org.springframework.security.web.authentication.ui.DefaultLoginPageGeneratingFilter@13f36b7, org.springframework.security.web.authentication.ui.DefaultLogoutPageGeneratingFilter@1eff49f, org.springframework.security.web.savedrequest.RequestCacheAwareFilter@964061, org.springframework.security.web.servletapi.SecurityContextHolderAwareRequestFilter@fb144b, org.springframework.security.web.authentication.AnonymousAuthenticationFilter@e5d815, org.springframework.security.web.session.SessionManagementFilter@177c516, org.springframework.security.web.access.ExceptionTranslationFilter@6e1c9, org.springframework.security.web.access.intercept.FilterSecurityInterceptor@913014]
2021-06-05 23:27:29.787  INFO 233012 --- [    Test worker] o.s.s.concurrent.ThreadPoolTaskExecutor  : Initializing ExecutorService 'applicationTaskExecutor'
2021-06-05 23:27:29.813  WARN 233012 --- [    Test worker] aWebConfiguration$JpaWebMvcConfiguration : spring.jpa.open-in-view is enabled by default. Therefore, database queries may be performed during view rendering. Explicitly configure spring.jpa.open-in-view to disable this warning
2021-06-05 23:27:29.873  INFO 233012 --- [    Test worker] o.s.b.a.w.s.WelcomePageHandlerMapping    : Adding welcome page template: index
2021-06-05 23:27:30.408  INFO 233012 --- [    Test worker] s.a.ScheduledAnnotationBeanPostProcessor : No TaskScheduler/ScheduledExecutorService bean found for scheduled processing
2021-06-05 23:27:30.436  INFO 233012 --- [    Test worker] o.s.b.w.embedded.tomcat.TomcatWebServer  : Tomcat started on port(s): 56209 (http) with context path ''
2021-06-05 23:27:30.437  INFO 233012 --- [    Test worker] c.h.b.s.web.indexControllerTest          : Started indexControllerTest in 4.499 seconds (JVM running for 23.19)
2021-06-05 23:27:30.573  INFO 233012 --- [o-auto-1-exec-1] o.a.c.c.C.[Tomcat].[localhost].[/]       : Initializing Spring DispatcherServlet 'dispatcherServlet'
2021-06-05 23:27:30.574  INFO 233012 --- [o-auto-1-exec-1] o.s.web.servlet.DispatcherServlet        : Initializing Servlet 'dispatcherServlet'
2021-06-05 23:27:30.608  INFO 233012 --- [o-auto-1-exec-1] o.s.web.servlet.DispatcherServlet        : Completed initialization in 34 ms
Hibernate: select posts0_.id as id1_0_, posts0_.created_date as created_2_0_, posts0_.modified_date as modified3_0_, posts0_.author as author4_0_, posts0_.content as content5_0_, posts0_.title as title6_0_ from posts posts0_ order by posts0_.id DESC
]]></system-out>
  <system-err><![CDATA[]]></system-err>
</testsuite>
